# JRE version: OpenJDK Runtime Environment Zulu21.40+17-CA (21.0.6+7) (build 21.0.6+7-LTS)
# Java VM: OpenJDK 64-Bit Server VM Zulu21.40+17-CA (21.0.6+7-LTS, mixed mode, sharing, tiered, compressed oops, compressed class ptrs, g1 gc, windows-amd64)
GC Precious Log:
 CardTable entry size: 512
 Card Set container configuration: InlinePtr #cards 5 size 8 Array Of Cards #cards 12 size 40 Howl #buckets 4 coarsen threshold 1843 Howl Bitmap #cards 512 size 80 coarsen threshold 460 Card regions per heap region 1 cards per card region 2048
 CPUs: 16 total, 16 available
 Memory: 16066M
 Large Page Support: Disabled
 NUMA Support: Disabled
 Compressed Oops: Enabled (32-bit)
 Heap Region Size: 1M
 Heap Min Capacity: 256M
 Heap Initial Capacity: 256M
 Heap Max Capacity: 512M
 Pre-touch: Disabled
 Parallel Workers: 13
 Concurrent Workers: 3
 Concurrent Refinement Workers: 13
 Periodic GC: Disabled
Heap:
 garbage-first heap   total 262144K, used 150303K [0x00000000e0000000, 0x0000000100000000)
  region size 1024K, 93 young (95232K), 6 survivors (6144K)
 Metaspace       used 66874K, committed 68992K, reserved 393216K
  class space    used 8983K, committed 10112K, reserved 327680K
GC Heap History (20 events):
Event: 3.546 GC heap before
{Heap before GC invocations=3 (full 0):
 garbage-first heap   total 262144K, used 102135K [0x00000000e0000000, 0x0000000100000000)
  region size 1024K, 89 young (91136K), 6 survivors (6144K)
 Metaspace       used 20936K, committed 21504K, reserved 393216K
  class space    used 2920K, committed 3200K, reserved 327680K
}
Event: 3.555 GC heap after
{Heap after GC invocations=4 (full 0):
 garbage-first heap   total 262144K, used 24617K [0x00000000e0000000, 0x0000000100000000)
  region size 1024K, 12 young (12288K), 12 survivors (12288K)
 Metaspace       used 20936K, committed 21504K, reserved 393216K
  class space    used 2920K, committed 3200K, reserved 327680K
}
Event: 5.459 GC heap before
{Heap before GC invocations=5 (full 0):
 garbage-first heap   total 262144K, used 133161K [0x00000000e0000000, 0x0000000100000000)
  region size 1024K, 115 young (117760K), 12 survivors (12288K)
 Metaspace       used 34940K, committed 35968K, reserved 393216K
  class space    used 4718K, committed 5248K, reserved 327680K
}
Event: 5.469 GC heap after
{Heap after GC invocations=6 (full 0):
 garbage-first heap   total 262144K, used 35534K [0x00000000e0000000, 0x0000000100000000)
  region size 1024K, 15 young (15360K), 15 survivors (15360K)
 Metaspace       used 34940K, committed 35968K, reserved 393216K
  class space    used 4718K, committed 5248K, reserved 327680K
}
Event: 5.473 GC heap before
{Heap before GC invocations=6 (full 0):
 garbage-first heap   total 262144K, used 35534K [0x00000000e0000000, 0x0000000100000000)
  region size 1024K, 16 young (16384K), 15 survivors (15360K)
 Metaspace       used 35263K, committed 36288K, reserved 393216K
  class space    used 4718K, committed 5248K, reserved 327680K
}
Event: 5.479 GC heap after
{Heap after GC invocations=7 (full 0):
 garbage-first heap   total 262144K, used 34525K [0x00000000e0000000, 0x0000000100000000)
  region size 1024K, 9 young (9216K), 9 survivors (9216K)
 Metaspace       used 35263K, committed 36288K, reserved 393216K
  class space    used 4718K, committed 5248K, reserved 327680K
}
Event: 5.515 GC heap before
{Heap before GC invocations=7 (full 0):
 garbage-first heap   total 262144K, used 35549K [0x00000000e0000000, 0x0000000100000000)
  region size 1024K, 11 young (11264K), 9 survivors (9216K)
 Metaspace       used 35612K, committed 36608K, reserved 393216K
  class space    used 4746K, committed 5248K, reserved 327680K
}
Event: 5.519 GC heap after
{Heap after GC invocations=8 (full 0):
 garbage-first heap   total 262144K, used 32145K [0x00000000e0000000, 0x0000000100000000)
  region size 1024K, 9 young (9216K), 9 survivors (9216K)
 Metaspace       used 35612K, committed 36608K, reserved 393216K
  class space    used 4746K, committed 5248K, reserved 327680K
}
Event: 7.961 GC heap before
{Heap before GC invocations=9 (full 0):
 garbage-first heap   total 262144K, used 180625K [0x00000000e0000000, 0x0000000100000000)
  region size 1024K, 153 young (156672K), 9 survivors (9216K)
 Metaspace       used 51425K, committed 53184K, reserved 393216K
  class space    used 7093K, committed 8000K, reserved 327680K
}
Event: 7.979 GC heap after
{Heap after GC invocations=10 (full 0):
 garbage-first heap   total 262144K, used 40421K [0x00000000e0000000, 0x0000000100000000)
  region size 1024K, 17 young (17408K), 17 survivors (17408K)
 Metaspace       used 51425K, committed 53184K, reserved 393216K
  class space    used 7093K, committed 8000K, reserved 327680K
}
Event: 10.955 GC heap before
{Heap before GC invocations=10 (full 0):
 garbage-first heap   total 262144K, used 160229K [0x00000000e0000000, 0x0000000100000000)
  region size 1024K, 135 young (138240K), 17 survivors (17408K)
 Metaspace       used 59394K, committed 61248K, reserved 393216K
  class space    used 8248K, committed 9216K, reserved 327680K
}
Event: 10.979 GC heap after
{Heap after GC invocations=11 (full 0):
 garbage-first heap   total 262144K, used 50109K [0x00000000e0000000, 0x0000000100000000)
  region size 1024K, 19 young (19456K), 19 survivors (19456K)
 Metaspace       used 59394K, committed 61248K, reserved 393216K
  class space    used 8248K, committed 9216K, reserved 327680K
}
Event: 11.287 GC heap before
{Heap before GC invocations=11 (full 0):
 garbage-first heap   total 262144K, used 56253K [0x00000000e0000000, 0x0000000100000000)
  region size 1024K, 26 young (26624K), 19 survivors (19456K)
 Metaspace       used 59713K, committed 61568K, reserved 393216K
  class space    used 8268K, committed 9216K, reserved 327680K
}
Event: 11.300 GC heap after
{Heap after GC invocations=12 (full 0):
 garbage-first heap   total 262144K, used 51443K [0x00000000e0000000, 0x0000000100000000)
  region size 1024K, 12 young (12288K), 12 survivors (12288K)
 Metaspace       used 59713K, committed 61568K, reserved 393216K
  class space    used 8268K, committed 9216K, reserved 327680K
}
Event: 15.576 GC heap before
{Heap before GC invocations=13 (full 0):
 garbage-first heap   total 262144K, used 195827K [0x00000000e0000000, 0x0000000100000000)
  region size 1024K, 153 young (156672K), 12 survivors (12288K)
 Metaspace       used 63711K, committed 65792K, reserved 393216K
  class space    used 8747K, committed 9856K, reserved 327680K
}
Event: 15.601 GC heap after
{Heap after GC invocations=14 (full 0):
 garbage-first heap   total 262144K, used 58869K [0x00000000e0000000, 0x0000000100000000)
  region size 1024K, 19 young (19456K), 19 survivors (19456K)
 Metaspace       used 63711K, committed 65792K, reserved 393216K
  class space    used 8747K, committed 9856K, reserved 327680K
}
Event: 50.423 GC heap before
{Heap before GC invocations=14 (full 0):
 garbage-first heap   total 262144K, used 196085K [0x00000000e0000000, 0x0000000100000000)
  region size 1024K, 153 young (156672K), 19 survivors (19456K)
 Metaspace       used 65847K, committed 67968K, reserved 393216K
  class space    used 8969K, committed 10048K, reserved 327680K
}
Event: 50.433 GC heap after
{Heap after GC invocations=15 (full 0):
 garbage-first heap   total 262144K, used 64535K [0x00000000e0000000, 0x0000000100000000)
  region size 1024K, 16 young (16384K), 16 survivors (16384K)
 Metaspace       used 65847K, committed 67968K, reserved 393216K
  class space    used 8969K, committed 10048K, reserved 327680K
}
Event: 117.028 GC heap before
{Heap before GC invocations=15 (full 0):
 garbage-first heap   total 262144K, used 203799K [0x00000000e0000000, 0x0000000100000000)
  region size 1024K, 153 young (156672K), 16 survivors (16384K)
 Metaspace       used 66722K, committed 68928K, reserved 393216K
  class space    used 8980K, committed 10112K, reserved 327680K
}
Event: 117.034 GC heap after
{Heap after GC invocations=16 (full 0):
 garbage-first heap   total 262144K, used 63263K [0x00000000e0000000, 0x0000000100000000)
  region size 1024K, 6 young (6144K), 6 survivors (6144K)
 Metaspace       used 66722K, committed 68928K, reserved 393216K
  class space    used 8980K, committed 10112K, reserved 327680K
}

